<?xml version='1.0' encoding='UTF-8'?>
<testsuites name='SonarDemoTests.xctest' tests='2' failures='0'>
  <testsuite name='SonarDemoTests.SonarDemoTests' tests='2' failures='0'>
    <testcase classname='SonarDemoTests.SonarDemoTests' name='testExample' time='0.001'/>
    <testcase classname='SonarDemoTests.SonarDemoTests' name='testPerformanceExample' time='0.370'/>
  </testsuite>
</testsuites>